<?xml version="1.0" encoding="UTF-8"?>
<!-- Generated by org.testng.reporters.JUnitReportReporter -->
<testsuite hostname="MacBook-Pro-de-Juan.local" failures="0" tests="3" name="bettervet.mobile.app.tests.LoginTests" time="36.732" errors="0" timestamp="05 jul. 2022 04:27:02 GMT" skipped="0">
  <testcase classname="bettervet.mobile.app.tests.LoginTests" name="negativeLoginWithInvalidCredentials" time="12.679"/>
  <testcase classname="bettervet.mobile.app.tests.LoginTests" name="negativeLoginErrors" time="12.343"/>
  <testcase classname="bettervet.mobile.app.tests.LoginTests" name="positiveLogin" time="11.710"/>
</testsuite> <!-- bettervet.mobile.app.tests.LoginTests -->
