<?xml version="1.0" encoding="UTF-8"?>
<!-- Generated by org.testng.reporters.JUnitReportReporter -->
<testsuite hostname="MacBook-Pro-de-Juan.local" failures="0" tests="3" name="bettervet.mobile.app.tests.LoginTests" time="38.814" errors="0" timestamp="11 jul. 2022 23:28:46 GMT" skipped="0">
  <testcase classname="bettervet.mobile.app.tests.LoginTests" name="positiveLogin" time="13.085"/>
  <testcase classname="bettervet.mobile.app.tests.LoginTests" name="negativeLoginWithInvalidCredentials" time="12.933"/>
  <testcase classname="bettervet.mobile.app.tests.LoginTests" name="negativeLoginErrors" time="12.796"/>
</testsuite> <!-- bettervet.mobile.app.tests.LoginTests -->
