<?xml version="1.0" encoding="UTF-8"?>
<!-- Generated by org.testng.reporters.JUnitReportReporter -->
<testsuite hostname="MacBook-Pro-de-Juan.local" failures="0" tests="3" name="bettervet.mobile.app.tests.LoginTests" time="45.564" errors="0" timestamp="17 jul. 2022 07:03:36 GMT" skipped="0">
  <testcase classname="bettervet.mobile.app.tests.LoginTests" name="negativeLoginErrors" time="12.527"/>
  <testcase classname="bettervet.mobile.app.tests.LoginTests" name="positiveLogin" time="11.492"/>
  <testcase classname="bettervet.mobile.app.tests.LoginTests" name="negativeLoginWithInvalidCredentials" time="21.545"/>
</testsuite> <!-- bettervet.mobile.app.tests.LoginTests -->
